<?xml version="1.0" encoding="UTF-8"?>
<testng-results ignored="0" total="1" passed="1" failed="0" skipped="0">
  <reporter-output>
  </reporter-output>
  <suite started-at="2020-05-11T09:46:33Z" name="Default suite" finished-at="2020-05-11T09:47:05Z" duration-ms="32028">
    <groups>
    </groups>
    <test started-at="2020-05-11T09:46:33Z" name="Default test" finished-at="2020-05-11T09:47:05Z" duration-ms="32028">
      <class name="testcases.LoginTest">
        <test-method is-config="true" signature="beforeTest()[pri:0, instance:testcases.LoginTest@65c7a252]" started-at="2020-05-11T09:46:33Z" name="beforeTest" finished-at="2020-05-11T09:46:45Z" duration-ms="11162" status="PASS">
          <reporter-output>
          </reporter-output>
        </test-method> <!-- beforeTest -->
        <test-method signature="test1(java.lang.String, java.lang.String)[pri:0, instance:testcases.LoginTest@65c7a252]" started-at="2020-05-11T09:46:45Z" name="test1" data-provider="test1data" finished-at="2020-05-11T09:47:05Z" duration-ms="20274" status="PASS">
          <params>
            <param index="0">
              <value>
                <![CDATA[8970426018]]>
              </value>
            </param>
            <param index="1">
              <value>
                <![CDATA[Asdf@12345]]>
              </value>
            </param>
          </params>
          <reporter-output>
          </reporter-output>
        </test-method> <!-- test1 -->
        <test-method is-config="true" signature="Teardown()[pri:0, instance:testcases.LoginTest@65c7a252]" started-at="2020-05-11T09:47:05Z" name="Teardown" finished-at="2020-05-11T09:47:05Z" duration-ms="125" status="PASS">
          <reporter-output>
          </reporter-output>
        </test-method> <!-- Teardown -->
      </class> <!-- testcases.LoginTest -->
    </test> <!-- Default test -->
  </suite> <!-- Default suite -->
</testng-results>
